<?xml version="1.0" encoding="UTF-8" ?>
<testsuite errors="0" failures="1" hostname="gopher4" name="TestRoundTrip" tests="2" time="0.398" timestamp="2007-01-22T01:01:33">
  <properties>
[...]
</properties>
  <testcase classname="TestRoundTrip" name="testRoundTrip" time="0.0070" />
  <testcase classname="TestRoundTrip" name="testFails" time="0.011">
    <failure message="null" type="junit.framework.AssertionFailedError">junit.framework.AssertionFailedError: null
	at TestRoundTrip.testFails(TestRoundTrip.java:15)
</failure>
  </testcase>
  <system-out><![CDATA[]]></system-out>
  <system-err><![CDATA[]]></system-err>
</testsuite>
